<?xml version="1.0" encoding="UTF-8"?>
<testng-results ignored="0" total="1" passed="1" failed="0" skipped="0">
  <reporter-output>
  </reporter-output>
  <suite started-at="2022-06-15T00:27:08 NOVT" name="All Test Suite" finished-at="2022-06-15T00:27:16 NOVT" duration-ms="7404">
    <groups>
    </groups>
    <test started-at="2022-06-15T00:27:08 NOVT" name="C:/Users/�����/IdeaProjects/DemoFrameWork" finished-at="2022-06-15T00:27:16 NOVT" duration-ms="7404">
      <class name="tests.searchapartment.SearchApartmentTest">
        <test-method signature="checkIsRedirectToListing()[pri:0, instance:tests.searchapartment.SearchApartmentTest@6e0f7aad]" started-at="2022-06-15T00:27:09 NOVT" name="checkIsRedirectToListing" finished-at="2022-06-15T00:27:16 NOVT" duration-ms="7149" status="PASS">
          <reporter-output>
          </reporter-output>
        </test-method> <!-- checkIsRedirectToListing -->
        <test-method is-config="true" signature="clearCookiesAndLocalStorage()[pri:0, instance:tests.searchapartment.SearchApartmentTest@6e0f7aad]" started-at="2022-06-15T00:27:16 NOVT" name="clearCookiesAndLocalStorage" finished-at="2022-06-15T00:27:16 NOVT" duration-ms="110" status="PASS">
          <reporter-output>
          </reporter-output>
        </test-method> <!-- clearCookiesAndLocalStorage -->
        <test-method is-config="true" signature="close()[pri:0, instance:tests.searchapartment.SearchApartmentTest@6e0f7aad]" started-at="2022-06-15T00:27:16 NOVT" name="close" finished-at="2022-06-15T00:27:17 NOVT" duration-ms="776" status="PASS">
          <reporter-output>
          </reporter-output>
        </test-method> <!-- close -->
      </class> <!-- tests.searchapartment.SearchApartmentTest -->
    </test> <!-- C:/Users/�����/IdeaProjects/DemoFrameWork -->
  </suite> <!-- All Test Suite -->
</testng-results>
